<?xml version="1.0" encoding="UTF-8"?>
<!-- Generated by org.testng.reporters.JUnitReportReporter -->
<testsuite name="com.hustar.autoTestDemo.TestBaiduDemo" tests="1" time="22.003" ignored="0" failures="0" timestamp="03 六月 2018 10:03:43 GMT" skipped="0" hostname="LAPTOP-LRO7FSU4" errors="0">
  <testcase name="fitness" time="22.003" classname="com.hustar.autoTestDemo.TestBaiduDemo"/>
</testsuite> <!-- com.hustar.autoTestDemo.TestBaiduDemo -->
