<?xml version="1.0" encoding="UTF-8"?>
<!-- Generated by org.testng.reporters.JUnitReportReporter -->
<testsuite skipped="0" hostname="LAPTOP-LRO7FSU4" name="com.hustar.autoTestDemo.TestBaiduDemo" tests="1" failures="0" timestamp="20 六月 2018 13:37:29 GMT" time="25.963" errors="0">
  <testcase name="fitness" time="25.963" classname="com.hustar.autoTestDemo.TestBaiduDemo"/>
</testsuite> <!-- com.hustar.autoTestDemo.TestBaiduDemo -->
